<?xml version="1.0" encoding="UTF-8"?>
<!-- Generated by org.testng.reporters.JUnitReportReporter -->
<testsuite hostname="DESKTOP-V8HQ5MN" failures="0" tests="1" name="testng.MultipleFilterGo" time="49.835" errors="0" timestamp="07 Sep 2018 09:02:03 GMT" skipped="0">
  <testcase classname="testng.MultipleFilterGo" name="multiplefilter" time="49.835"/>
</testsuite> <!-- testng.MultipleFilterGo -->
